This is pdfTeX, Version 3.14159265-2.6-1.40.15 (TeX Live 2015/dev/Debian) (preloaded format=pdflatex 2016.7.15)  29 JUL 2016 04:17
entering extended mode
 restricted \write18 enabled.
 %&-line parsing enabled.
**/home/arthurx/Latex_Ornac_pairs/tex/abstract
(/home/arthurx/Latex_Ornac_pairs/tex/abstract.tex
LaTeX2e <2014/05/01>
Babel <3.9l> and hyphenation patterns for 79 languages loaded.

! LaTeX Error: Environment abstract undefined.

See the LaTeX manual or LaTeX Companion for explanation.
Type  H <return>  for immediate help.
 ...                                              
                                                  
l.1 \begin{abstract}
                     
Here is how much of TeX's memory you used:
 8 strings out of 493105
 398 string characters out of 6137072
 52476 words of memory out of 5000000
 3571 multiletter control sequences out of 15000+600000
 3640 words of font info for 14 fonts, out of 8000000 for 9000
 1141 hyphenation exceptions out of 8191
 5i,0n,4p,72b,16s stack positions out of 5000i,500n,10000p,200000b,80000s

!  ==> Fatal error occurred, no output PDF file produced!
